[15:45:03] [ServerMain/INFO]: Environment: authHost='https://authserver.mojang.com', accountsHost='https://api.mojang.com', sessionHost='https://sessionserver.mojang.com', servicesHost='https://api.minecraftservices.com', name='PROD'
[15:45:05] [ServerMain/INFO]: Loaded 7 recipes
[15:45:05] [ServerMain/INFO]: Loaded 1268 advancements
[15:45:06] [Server thread/INFO]: Starting minecraft server version 23w18a
[15:45:06] [Server thread/INFO]: Loading properties
[15:45:06] [Server thread/INFO]: Default game type: SURVIVAL
[15:45:06] [Server thread/INFO]: Generating keypair
[15:45:06] [Server thread/INFO]: Starting Minecraft server on *:25565
[15:45:06] [Server thread/INFO]: Using default channel type
[15:45:06] [Server thread/WARN]: **** SERVER IS RUNNING IN OFFLINE/INSECURE MODE!
[15:45:06] [Server thread/WARN]: The server will make no attempt to authenticate usernames. Beware.
[15:45:06] [Server thread/WARN]: While this makes the game possible to play without internet access, it also opens up the ability for hackers to connect with any username they choose.
[15:45:06] [Server thread/WARN]: To change this, set "online-mode" to "true" in the server.properties file.
[15:45:06] [Server thread/INFO]: Preparing level "world"
[15:45:08] [Server thread/INFO]: Preparing start region for dimension minecraft:overworld
[15:45:09] [Worker-Main-3/INFO]: Preparing spawn area: 0%
[15:45:09] [Worker-Main-7/INFO]: Preparing spawn area: 0%
[15:45:09] [Worker-Main-3/INFO]: Preparing spawn area: 0%
[15:45:09] [Worker-Main-3/INFO]: Preparing spawn area: 0%
[15:45:10] [Worker-Main-6/INFO]: Preparing spawn area: 0%
[15:45:10] [Worker-Main-1/INFO]: Preparing spawn area: 0%
[15:45:11] [Worker-Main-2/INFO]: Preparing spawn area: 20%
[15:45:11] [Server thread/INFO]: Time elapsed: 3343 ms
[15:45:11] [Server thread/INFO]: Done (4.924s)! For help, type "help"
[15:45:38] [Server thread/INFO]: ItsOxas[/127.0.0.1:1149] logged in with entity id 22 at (-1254.2278232402678, 65.0, -4527.667486266502)
[15:45:38] [Server thread/INFO]: ItsOxas joined the game
[15:45:41] [Server thread/WARN]: Can't keep up! Is the server overloaded? Running 3115ms or 62 ticks behind
[15:45:52] [Server thread/INFO]: [ItsOxas: Set own game mode to Survival Mode]
[15:46:04] [Server thread/INFO]: ItsOxas has made the advancement [Not Today, Thank You]
[15:46:29] [Server thread/INFO]: ItsOxas has made the advancement [Sweet Dreams]
[15:47:07] [Server thread/INFO]: ItsOxas lost connection: Disconnected
[15:47:07] [Server thread/INFO]: ItsOxas left the game
